[33mtslint-to-eslint-config does not know the ESLint equivalent for TSLint's "component-class-suffix"[39m
[33mtslint-to-eslint-config does not know the ESLint equivalent for TSLint's "component-selector"[39m
[33mtslint-to-eslint-config does not know the ESLint equivalent for TSLint's "contextual-lifecycle"[39m
[33mtslint-to-eslint-config does not know the ESLint equivalent for TSLint's "directive-class-suffix"[39m
[33mtslint-to-eslint-config does not know the ESLint equivalent for TSLint's "directive-selector"[39m
[33mtslint-to-eslint-config does not know the ESLint equivalent for TSLint's "jsdoc-format"[39m
[33mtslint-to-eslint-config does not know the ESLint equivalent for TSLint's "no-conflicting-lifecycle"[39m
[33mtslint-to-eslint-config does not know the ESLint equivalent for TSLint's "no-host-metadata-property"[39m
[33mtslint-to-eslint-config does not know the ESLint equivalent for TSLint's "no-input-rename"[39m
[33mtslint-to-eslint-config does not know the ESLint equivalent for TSLint's "no-inputs-metadata-property"[39m
[33mtslint-to-eslint-config does not know the ESLint equivalent for TSLint's "no-output-native"[39m
[33mtslint-to-eslint-config does not know the ESLint equivalent for TSLint's "no-output-on-prefix"[39m
[33mtslint-to-eslint-config does not know the ESLint equivalent for TSLint's "no-output-rename"[39m
[33mtslint-to-eslint-config does not know the ESLint equivalent for TSLint's "no-outputs-metadata-property"[39m
[33mtslint-to-eslint-config does not know the ESLint equivalent for TSLint's "no-reference-import"[39m
[33mtslint-to-eslint-config does not know the ESLint equivalent for TSLint's "template-banana-in-box"[39m
[33mtslint-to-eslint-config does not know the ESLint equivalent for TSLint's "template-no-negated-async"[39m
[33mtslint-to-eslint-config does not know the ESLint equivalent for TSLint's "use-lifecycle-interface"[39m
[33mtslint-to-eslint-config does not know the ESLint equivalent for TSLint's "use-pipe-transform-interface"[39m
[33m[39m